Content-Type: text/plain; charset="utf-8"
MIME-Version: 1.0
Content-Transfer-Encoding: 8bit
Subject: 
 =?utf-8?b?0KHQsdGA0L7RgSDQv9Cw0YDQvtC70Y8g0L3QsCAxMjcuMC4wLjE6ODAwMA==?=
From: webmaster@localhost
To: abramovki96@mail.ru
Date: Sat, 06 Feb 2021 15:56:22 -0000
Message-ID: <161262698229.24897.12930788537074043271@1.0.0.127.in-addr.arpa>


Вы получили это письмо, потому что вы (или кто-то другой) запросили восстановление пароля от учётной записи на сайте 127.0.0.1:8000, которая связана с этим адресом электронной почты.

Пожалуйста, перейдите на эту страницу и введите новый пароль:

http://127.0.0.1:8000/auth/reset/Mw/5nx-be8d9252ec21fbf8bc92/

Ваше имя пользователя (на случай, если вы его забыли): kirill

Спасибо, что используете наш сайт!

Команда сайта 127.0.0.1:8000



-------------------------------------------------------------------------------
Content-Type: text/plain; charset="utf-8"
MIME-Version: 1.0
Content-Transfer-Encoding: 8bit
Subject: 
 =?utf-8?b?0KHQsdGA0L7RgSDQv9Cw0YDQvtC70Y8g0L3QsCAxMjcuMC4wLjE6ODAwMA==?=
From: webmaster@localhost
To: abramovki96@mail.ru
Date: Sat, 06 Feb 2021 15:56:22 -0000
Message-ID: <161262698248.24897.5280595997927167042@1.0.0.127.in-addr.arpa>


Вы получили это письмо, потому что вы (или кто-то другой) запросили восстановление пароля от учётной записи на сайте 127.0.0.1:8000, которая связана с этим адресом электронной почты.

Пожалуйста, перейдите на эту страницу и введите новый пароль:

http://127.0.0.1:8000/auth/reset/NA/5nx-4688366b06f166488c1d/

Ваше имя пользователя (на случай, если вы его забыли): Kirill

Спасибо, что используете наш сайт!

Команда сайта 127.0.0.1:8000



-------------------------------------------------------------------------------
